e:\006.thesis\20220110\007.draft-v7\exp\my_scheme\x64\release\vc143.pdb
e:\006.thesis\20220110\007.draft-v7\exp\my_scheme\x64\release\stdafx.obj
e:\006.thesis\20220110\007.draft-v7\exp\my_scheme\x64\release\encryption.obj
e:\006.thesis\20220110\007.draft-v7\exp\my_scheme\x64\release\keyserver.obj
e:\006.thesis\20220110\007.draft-v7\exp\my_scheme\x64\release\cloudserver.obj
e:\006.thesis\20220110\007.draft-v7\exp\my_scheme\x64\release\main.obj
e:\006.thesis\20220110\007.draft-v7\exp\my_scheme\x64\release\registration.obj
e:\006.thesis\20220110\007.draft-v7\exp\my_scheme\x64\release\secureparam.obj
e:\006.thesis\20220110\007.draft-v7\exp\my_scheme\x64\release\client.obj
e:\006.thesis\20220110\007.draft-v7\exp\my_scheme\x64\release\inverse.obj
e:\006.thesis\20220110\007.draft-v7\exp\my_scheme\x64\release\my_scheme.ipdb
e:\006.thesis\20220110\007.draft-v7\exp\my_scheme\x64\release\my_scheme.iobj
e:\006.thesis\20220110\007.draft-v7\exp\my_scheme\x64\release\my_scheme.exe
e:\006.thesis\20220110\007.draft-v7\exp\my_scheme\x64\release\my_scheme.pdb
e:\006.thesis\20220110\007.draft-v7\exp\my_scheme\x64\release\my_scheme.tlog\cl.command.1.tlog
e:\006.thesis\20220110\007.draft-v7\exp\my_scheme\x64\release\my_scheme.tlog\cl.read.1.tlog
e:\006.thesis\20220110\007.draft-v7\exp\my_scheme\x64\release\my_scheme.tlog\cl.write.1.tlog
e:\006.thesis\20220110\007.draft-v7\exp\my_scheme\x64\release\my_scheme.tlog\link.command.1.tlog
e:\006.thesis\20220110\007.draft-v7\exp\my_scheme\x64\release\my_scheme.tlog\link.read.1.tlog
e:\006.thesis\20220110\007.draft-v7\exp\my_scheme\x64\release\my_scheme.tlog\link.write.1.tlog
e:\006.thesis\20220110\007.draft-v7\exp\my_scheme\x64\release\my_scheme.tlog\link.write.2u.tlog
